# JRE version: Java(TM) SE Runtime Environment (8.0_121-b13) (build 1.8.0_121-b13)
# Java VM: Java HotSpot(TM) 64-Bit Server VM (25.121-b13 mixed mode windows-amd64 compressed oops)
Heap:
 PSYoungGen      total 76800K, used 45111K [0x00000000d5e00000, 0x00000000dbb80000, 0x0000000100000000)
  eden space 64000K, 70% used [0x00000000d5e00000,0x00000000d8a0dc38,0x00000000d9c80000)
  from space 12800K, 0% used [0x00000000daa80000,0x00000000daa80000,0x00000000db700000)
  to   space 14336K, 0% used [0x00000000d9c80000,0x00000000d9c80000,0x00000000daa80000)
 ParOldGen       total 67072K, used 18828K [0x0000000081a00000, 0x0000000085b80000, 0x00000000d5e00000)
  object space 67072K, 28% used [0x0000000081a00000,0x0000000082c630a8,0x0000000085b80000)
 Metaspace       used 36268K, capacity 37828K, committed 38272K, reserved 1083392K
  class space    used 5058K, capacity 5383K, committed 5504K, reserved 1048576K
GC Heap History (10 events):
Event: 18.393 GC heap before
{Heap before GC invocations=8 (full 1):
 PSYoungGen      total 49664K, used 49493K [0x00000000d5e00000, 0x00000000dab00000, 0x0000000100000000)
  eden space 45568K, 100% used [0x00000000d5e00000,0x00000000d8a80000,0x00000000d8a80000)
  from space 4096K, 95% used [0x00000000da700000,0x00000000daad5578,0x00000000dab00000)
  to   space 8704K, 0% used [0x00000000d9a00000,0x00000000d9a00000,0x00000000da280000)
 ParOldGen       total 67072K, used 5983K [0x0000000081a00000, 0x0000000085b80000, 0x00000000d5e00000)
  object space 67072K, 8% used [0x0000000081a00000,0x0000000081fd7db0,0x0000000085b80000)
 Metaspace       used 24866K, capacity 25754K, committed 25984K, reserved 1071104K
  class space    used 3421K, capacity 3652K, committed 3712K, reserved 1048576K
Event: 18.409 GC heap after
Heap after GC invocations=8 (full 1):
 PSYoungGen      total 67584K, used 7411K [0x00000000d5e00000, 0x00000000daa80000, 0x0000000100000000)
  eden space 59904K, 0% used [0x00000000d5e00000,0x00000000d5e00000,0x00000000d9880000)
  from space 7680K, 96% used [0x00000000d9a00000,0x00000000da13cc78,0x00000000da180000)
  to   space 9216K, 0% used [0x00000000da180000,0x00000000da180000,0x00000000daa80000)
 ParOldGen       total 67072K, used 5991K [0x0000000081a00000, 0x0000000085b80000, 0x00000000d5e00000)
  object space 67072K, 8% used [0x0000000081a00000,0x0000000081fd9db0,0x0000000085b80000)
 Metaspace       used 24866K, capacity 25754K, committed 25984K, reserved 1071104K
  class space    used 3421K, capacity 3652K, committed 3712K, reserved 1048576K
}
Event: 43.846 GC heap before
{Heap before GC invocations=9 (full 1):
 PSYoungGen      total 67584K, used 67315K [0x00000000d5e00000, 0x00000000daa80000, 0x0000000100000000)
  eden space 59904K, 100% used [0x00000000d5e00000,0x00000000d9880000,0x00000000d9880000)
  from space 7680K, 96% used [0x00000000d9a00000,0x00000000da13cc78,0x00000000da180000)
  to   space 9216K, 0% used [0x00000000da180000,0x00000000da180000,0x00000000daa80000)
 ParOldGen       total 67072K, used 5991K [0x0000000081a00000, 0x0000000085b80000, 0x00000000d5e00000)
  object space 67072K, 8% used [0x0000000081a00000,0x0000000081fd9db0,0x0000000085b80000)
 Metaspace       used 28881K, capacity 30318K, committed 30464K, reserved 1075200K
  class space    used 3996K, capacity 4308K, committed 4352K, reserved 1048576K
Event: 43.966 GC heap after
Heap after GC invocations=9 (full 1):
 PSYoungGen      total 66560K, used 9210K [0x00000000d5e00000, 0x00000000dbf80000, 0x0000000100000000)
  eden space 57344K, 0% used [0x00000000d5e00000,0x00000000d5e00000,0x00000000d9600000)
  from space 9216K, 99% used [0x00000000da180000,0x00000000daa7ea30,0x00000000daa80000)
  to   space 11776K, 0% used [0x00000000d9600000,0x00000000d9600000,0x00000000da180000)
 ParOldGen       total 67072K, used 9399K [0x0000000081a00000, 0x0000000085b80000, 0x00000000d5e00000)
  object space 67072K, 14% used [0x0000000081a00000,0x000000008232dea0,0x0000000085b80000)
 Metaspace       used 28881K, capacity 30318K, committed 30464K, reserved 1075200K
  class space    used 3996K, capacity 4308K, committed 4352K, reserved 1048576K
}
Event: 53.319 GC heap before
{Heap before GC invocations=10 (full 1):
 PSYoungGen      total 66560K, used 66554K [0x00000000d5e00000, 0x00000000dbf80000, 0x0000000100000000)
  eden space 57344K, 100% used [0x00000000d5e00000,0x00000000d9600000,0x00000000d9600000)
  from space 9216K, 99% used [0x00000000da180000,0x00000000daa7ea30,0x00000000daa80000)
  to   space 11776K, 0% used [0x00000000d9600000,0x00000000d9600000,0x00000000da180000)
 ParOldGen       total 67072K, used 9399K [0x0000000081a00000, 0x0000000085b80000, 0x00000000d5e00000)
  object space 67072K, 14% used [0x0000000081a00000,0x000000008232dea0,0x0000000085b80000)
 Metaspace       used 30058K, capacity 31488K, committed 31616K, reserved 1077248K
  class space    used 4124K, capacity 4415K, committed 4480K, reserved 1048576K
Event: 53.343 GC heap after
Heap after GC invocations=10 (full 1):
 PSYoungGen      total 69120K, used 11274K [0x00000000d5e00000, 0x00000000db700000, 0x0000000100000000)
  eden space 57344K, 0% used [0x00000000d5e00000,0x00000000d5e00000,0x00000000d9600000)
  from space 11776K, 95% used [0x00000000d9600000,0x00000000da102be8,0x00000000da180000)
  to   space 12800K, 0% used [0x00000000daa80000,0x00000000daa80000,0x00000000db700000)
 ParOldGen       total 67072K, used 9407K [0x0000000081a00000, 0x0000000085b80000, 0x00000000d5e00000)
  object space 67072K, 14% used [0x0000000081a00000,0x000000008232fea0,0x0000000085b80000)
 Metaspace       used 30058K, capacity 31488K, committed 31616K, reserved 1077248K
  class space    used 4124K, capacity 4415K, committed 4480K, reserved 1048576K
}
Event: 63.129 GC heap before
{Heap before GC invocations=11 (full 1):
 PSYoungGen      total 69120K, used 42589K [0x00000000d5e00000, 0x00000000db700000, 0x0000000100000000)
  eden space 57344K, 54% used [0x00000000d5e00000,0x00000000d7c94b40,0x00000000d9600000)
  from space 11776K, 95% used [0x00000000d9600000,0x00000000da102be8,0x00000000da180000)
  to   space 12800K, 0% used [0x00000000daa80000,0x00000000daa80000,0x00000000db700000)
 ParOldGen       total 67072K, used 9407K [0x0000000081a00000, 0x0000000085b80000, 0x00000000d5e00000)
  object space 67072K, 14% used [0x0000000081a00000,0x000000008232fea0,0x0000000085b80000)
 Metaspace       used 31494K, capacity 32980K, committed 33152K, reserved 1081344K
  class space    used 4320K, capacity 4627K, committed 4736K, reserved 1048576K
Event: 64.338 GC heap after
Heap after GC invocations=11 (full 1):
 PSYoungGen      total 76800K, used 12598K [0x00000000d5e00000, 0x00000000dbb80000, 0x0000000100000000)
  eden space 64000K, 0% used [0x00000000d5e00000,0x00000000d5e00000,0x00000000d9c80000)
  from space 12800K, 98% used [0x00000000daa80000,0x00000000db6cda58,0x00000000db700000)
  to   space 14336K, 0% used [0x00000000d9c80000,0x00000000d9c80000,0x00000000daa80000)
 ParOldGen       total 67072K, used 9407K [0x0000000081a00000, 0x0000000085b80000, 0x00000000d5e00000)
  object space 67072K, 14% used [0x0000000081a00000,0x000000008232fea0,0x0000000085b80000)
 Metaspace       used 31494K, capacity 32980K, committed 33152K, reserved 1081344K
  class space    used 4320K, capacity 4627K, committed 4736K, reserved 1048576K
}
Event: 64.338 GC heap before
{Heap before GC invocations=12 (full 2):
 PSYoungGen      total 76800K, used 12598K [0x00000000d5e00000, 0x00000000dbb80000, 0x0000000100000000)
  eden space 64000K, 0% used [0x00000000d5e00000,0x00000000d5e00000,0x00000000d9c80000)
  from space 12800K, 98% used [0x00000000daa80000,0x00000000db6cda58,0x00000000db700000)
  to   space 14336K, 0% used [0x00000000d9c80000,0x00000000d9c80000,0x00000000daa80000)
 ParOldGen       total 67072K, used 9407K [0x0000000081a00000, 0x0000000085b80000, 0x00000000d5e00000)
  object space 67072K, 14% used [0x0000000081a00000,0x000000008232fea0,0x0000000085b80000)
 Metaspace       used 31494K, capacity 32980K, committed 33152K, reserved 1081344K
  class space    used 4320K, capacity 4627K, committed 4736K, reserved 1048576K
Event: 64.884 GC heap after
Heap after GC invocations=12 (full 2):
 PSYoungGen      total 76800K, used 0K [0x00000000d5e00000, 0x00000000dbb80000, 0x0000000100000000)
  eden space 64000K, 0% used [0x00000000d5e00000,0x00000000d5e00000,0x00000000d9c80000)
  from space 12800K, 0% used [0x00000000daa80000,0x00000000daa80000,0x00000000db700000)
  to   space 14336K, 0% used [0x00000000d9c80000,0x00000000d9c80000,0x00000000daa80000)
 ParOldGen       total 67072K, used 18828K [0x0000000081a00000, 0x0000000085b80000, 0x00000000d5e00000)
  object space 67072K, 28% used [0x0000000081a00000,0x0000000082c630a8,0x0000000085b80000)
 Metaspace       used 31494K, capacity 32980K, committed 33152K, reserved 1079296K
  class space    used 4320K, capacity 4627K, committed 4736K, reserved 1048576K
}

